NEW
20141127070233,185,6.35,42.0,system(35.0,2phone,2deskclock,android,android,com.facebook.katana,jp.naver.line.android,jp.naver.line.android,1gms,jp.naver.line.android,com.facebook.katana,com.qualcomm.fastdormancy,jp.naver.line.android,jp.naver.line.android,1gms,1gms,2phone),2160827,2571011,-12.69,99,29.77,P0C1B1A0D0S0L0Q0,20,::::,,18,(C0:065927),0,1379.63
20141127070534,181,0.1,35.0,qpnp_rtc_alarm(170.0,com.meitu.meipaimv,com.facebook.katana,jp.naver.line.android,jp.naver.line.android,0autotesting),151896,0,-0.38,99,29.0,P0C1B1A0D0S0L0Q0,20,::::0,HS0,31,(),227,1221.82
20141127071016,281,2.19,35.0,qpnp_rtc_alarm(233.0,android,1gms,com.facebook.katana,com.facebook.katana,jp.naver.line.android,jp.naver.line.android,1gms),24863,0,-2.48,99,27.9,P0C1B1A0D0S0L0Q0,20,::::366,N256U97HS12,4,(),237,1056.38
20141127071502,286,0.0,31.0,qpnp_rtc_alarm(282.0,jp.naver.line.android,jp.naver.line.android,jp.naver.line.android,1gms),0,0,-0.48,99,26.3,P0C1B1A0D0S0L0Q0,20,::::281,N281,5,(),283,596.8
20141127071818,195,0.0,31.0,qpnp_rtc_alarm(192.0,jp.naver.line.android,com.facebook.katana),684,0,-0.33,99,26.3,P0C1B1A0D0S0L0Q0,20,::::286,N286,3,(),194,745.2
20141127072458,400,0.0,30.0,qpnp_rtc_alarm(394.0,com.facebook.katana,android,jp.naver.line.android,1gms,jp.naver.line.android,1gms,jp.naver.line.android,jp.naver.line.android),3678,0,-0.67,99,26.3,P0C1B1A0D0S0L0Q0,20,::::195,N195,7,(),397,745.2
20141127072818,200,0.0,30.0,qpnp_rtc_alarm(197.0,1gms,jp.naver.line.android,jp.naver.line.android),795,0,-0.33,99,26.3,P0C1B1A0D0S0L0Q0,20,::::400,N400,2,(),198,745.2
20141127073140,202,5.31,35.0,qpnp_rtc_alarm(96.0,jp.naver.line.android,jp.naver.line.android,1gms,1gms,0autotesting,com.facebook.katana,android,jp.naver.line.android),2095944,0,-8.12,99,25.2,P0C1B1A0D0S0L0Q0,20,::::200,N200,2,(),98,1285.49
20141127073441,181,9.37,39.0,(0.0,jp.naver.line.android),6380371,0,-18.8,98,26.1,P0C1B1A0D0S0L0Q0,20,::::202,N202,0,(),0,1111.44
20141127073742,181,9.37,42.0,(0.0,jp.naver.line.android,jp.naver.line.android,1gms,1gms,android,android),6476421,0,-19.96,97,27.25,P0C1B1A0D0S0L0Q0,20,::::181,N181,0,(),0,1301.97
20141127074057,194,1.14,38.0,system(158.0,android,android,com.facebook.katana,jp.naver.line.android,jp.naver.line.android,android,1gms,1gms,android,1gms,com.facebook.katana),338285,0,-2.45,97,27.25,P0C1B1A0D0S0L0Q0,20,::::181,N181,30,(),169,1353.4
20141127074459,241,0.0,33.0,qpnp_rtc_alarm(233.0,jp.naver.line.android,jp.naver.line.android,1gms,android),21699,0,-0.52,97,27.25,P0C1B1A0D0S0L0Q0,20,::::194,N194,26,(),237,958.4
20141127074829,210,0.0,32.0,qpnp_rtc_alarm(205.0,1gms,com.facebook.katana,jp.naver.line.android,com.facebook.katana,jp.naver.line.android,jp.naver.line.android,jp.naver.line.android),21587,0,-0.35,97,26.1,P0C1B1A0D0S0L0Q0,20,::::241,N241,3,(),207,596.8
20141127075154,205,4.06,35.0,qpnp_rtc_alarm(116.0,1gms,0autotesting,com.facebook.katana,jp.naver.line.android,jp.naver.line.android,jp.naver.line.android,android,1gms,com.facebook.katana),6101,24697,-7.65,96,26.4,P0C1B1A0D0S0L0Q0,20,::::210,N210,2,(),117,1183.47
20141127075458,184,0.0,33.0,qpnp_rtc_alarm(167.0,com.qualcomm.fastdormancy,com.qualcomm.fastdormancy,com.facebook.katana,android,1gms,com.qualcomm.fastdormancy),0,2034,-0.86,96,26.4,P0C1B1A0D0S0L0Q0,20,::::205,N103U75HS26,3,(),179,411.3
20141127075904,245,0.0,32.0,qpnp_rtc_alarm(216.0,com.qualcomm.fastdormancy,com.qualcomm.fastdormancy,com.qualcomm.fastdormancy,1gms,com.qualcomm.fastdormancy,com.qualcomm.fastdormancy,com.facebook.katana,jp.naver.line.android,com.qualcomm.fastdormancy,com.qualcomm.fastdormancy,jp.naver.line.android,1talk,0autotesting),0,10162,-1.42,96,26.4,P0C1B1A0D0S0L0Q0,20,::::184,U174HS9,5,(),241,706.35
20141127080433,329,17.07,35.0,(0.0,com.facebook.katana,1gms,0PowerMonitor,1gms,jp.naver.line.android),0,6554,-23.76,95,26.5,P0C1B1A0D0S0L0Q0,20,::::245,U233HS12,0,(),0,583.89
20141127080734,181,9.37,42.0,(0.0,jp.naver.line.android,2phone,2phone,android,2phone),0,116496,-25.24,94,28.05,P0C1B1A0D0S0L0Q0,20,::::329,U297HS31,0,(),0,743.92
20141127081036,181,9.37,41.0,(0.0,2phone,1gms,2phone,2phone),0,2039054,-21.62,93,29.45,P0C1B1A0D0S0L0Q0,20,::::181,HS181,0,(),0,867.36
20141127081337,181,9.37,42.0,(0.0,2phone,jp.naver.line.android,jp.naver.line.android,2phone,2phone,1gms),0,478052,-22.78,92,30.1,P0C1B1A0D0S0L0Q0,20,::::181,HS181,0,(),0,1030.53
20141127081638,181,7.39,45.0,system(1.0,com.facebook.katana,2phone,com.facebook.katana,2phone,com.qualcomm.fastdormancy,com.qualcomm.fastdormancy,1gms,com.facebook.katana,com.qualcomm.fastdormancy,com.qualcomm.fastdormancy),0,3737832,-23.76,91,31.0,P0C1B1A0D0S0L0Q0,20,::::181,HS181,1,(),35,943.17
20141127081952,193,0.0,39.0,qpnp_rtc_alarm(78.0,com.qualcomm.fastdormancy,com.qualcomm.fastdormancy,com.qualcomm.fastdormancy,com.qualcomm.fastdormancy,com.qualcomm.fastdormancy,com.qualcomm.fastdormancy,com.facebook.katana,com.qualcomm.fastdormancy,com.qualcomm.fastdormancy,com.qualcomm.fastdormancy,com.qualcomm.fastdormancy,com.qualcomm.fastdormancy,com.qualcomm.fastdormancy,com.qualcomm.fastdormancy,com.facebook.katana,com.qualcomm.fastdormancy,com.qualcomm.fastdormancy,1gms,jp.naver.line.android,com.qualcomm.fastdormancy,com.qualcomm.fastdormancy,jp.naver.line.android,com.qualcomm.fastdormancy,com.qualcomm.fastdormancy,android,com.qualcomm.fastdormancy,com.qualcomm.fastdormancy,com.qualcomm.fastdormancy,com.qualcomm.fastdormancy,com.qualcomm.fastdormancy,com.qualcomm.fastdormancy,com.qualcomm.fastdormancy,com.qualcomm.fastdormancy,com.qualcomm.fastdormancy,com.qualcomm.fastdormancy),0,988193,-4.94,91,30.0,P0C1B1A0D0S0L0Q0,20,::::181,U15HS165,21,(),183,592.65
20141127082256,183,0.0,36.0,system(172.0,com.qualcomm.fastdormancy,com.qualcomm.fastdormancy,com.qualcomm.fastdormancy,com.qualcomm.fastdormancy,com.qualcomm.fastdormancy),0,18643,-0.58,91,28.8,P0C1B1A0D0S0L0Q0,20,::::193,U128HS65,4,(),183,361.37
20141127082800,304,0.0,34.0,qpnp_rtc_alarm(263.0,com.qualcomm.fastdormancy,com.qualcomm.fastdormancy,com.qualcomm.fastdormancy,1gms,com.qualcomm.fastdormancy,com.qualcomm.fastdormancy,jp.naver.line.android,com.qualcomm.fastdormancy,com.qualcomm.fastdormancy,jp.naver.line.android,1gms),0,1042,-1.68,91,27.8,P0C1B1A0D0S0L0Q0,20,::::183,U179HS4,8,(),302,501.6
20141127083153,232,3.95,35.0,qpnp_rtc_alarm(137.0,0autotesting,com.facebook.katana,com.facebook.katana,1gms,com.qualcomm.fastdormancy,com.qualcomm.fastdormancy,1gms,com.qualcomm.fastdormancy,com.qualcomm.fastdormancy,android),0,10490,-5.37,91,27.8,P0C1B1A0D0S0L0Q0,20,::::304,U295HS8,7,(),152,1100.52
20141127083731,338,0.0,32.0,qpnp_rtc_alarm(326.0,com.facebook.katana,jp.naver.line.android,com.qualcomm.fastdormancy,com.qualcomm.fastdormancy,jp.naver.line.android,1gms,1gms),0,3896,-0.56,91,26.7,P0C1B1A0D0S0L0Q0,20,::::232,U222HS9,5,(),335,681.6
20141127084234,303,12.49,35.0,qpnp_rtc_alarm(58.0,android,0autotesting,android,com.qualcomm.fastdormancy,jp.naver.line.android,jp.naver.line.android,android,android,android,android,android),0,144,-19.66,90,26.5,P0C1B1A0D0S0L0Q0,20,::::338,U338,1,(),60,674.07
20141127084536,181,9.37,35.0,(0.0,1gms,android,android,android,com.facebook.katana,android),0,54650,-11.92,89,27.1,P0C1B1A0D0S0L0Q0,20,::::303,U234HS68,0,(),0,389.89
20141127085030,293,4.58,36.0,system(186.0,jp.naver.line.android,jp.naver.line.android,com.qualcomm.fastdormancy,1gms,1gms,com.facebook.katana,com.qualcomm.fastdormancy,com.qualcomm.fastdormancy,com.qualcomm.fastdormancy,com.qualcomm.fastdormancy,com.facebook.katana,com.qualcomm.fastdormancy),0,11347,-7.8,89,27.3,P0C1B1A0D0S0L0Q0,20,::::181,U142HS38,6,(),201,1183.64
20141127085450,260,0.0,32.0,qpnp_rtc_alarm(230.0,com.qualcomm.fastdormancy,com.qualcomm.fastdormancy,com.qualcomm.fastdormancy,android,1gms,com.qualcomm.fastdormancy,com.qualcomm.fastdormancy,com.facebook.katana,jp.naver.line.android,com.qualcomm.fastdormancy,com.qualcomm.fastdormancy,jp.naver.line.android,android),0,28827,-1.14,89,27.3,P0C1B1A0D0S0L0Q0,20,::::293,U273HS20,10,(),254,655.76
20141127090002,312,0.0,32.0,qpnp_rtc_alarm(276.0,com.qualcomm.fastdormancy,com.qualcomm.fastdormancy,com.qualcomm.fastdormancy,com.qualcomm.fastdormancy,com.qualcomm.fastdormancy,com.qualcomm.fastdormancy,1gms,com.qualcomm.fastdormancy,com.qualcomm.fastdormancy,com.qualcomm.fastdormancy,com.qualcomm.fastdormancy,com.qualcomm.fastdormancy,1talk),0,8556,-1.46,89,26.1,P0C1B1A0D0S0L0Q0,20,::::260,U254HS5,9,(),308,587.04
20141127090635,392,0.0,32.0,qpnp_rtc_alarm(365.0,jp.naver.line.android,1gms,com.qualcomm.fastdormancy,jp.naver.line.android,jp.naver.line.android,com.qualcomm.fastdormancy,com.qualcomm.fastdormancy,com.qualcomm.fastdormancy,com.qualcomm.fastdormancy,com.qualcomm.fastdormancy,1gms,1gms),0,11112,-1.18,89,26.1,P0C1B1A0D0S0L0Q0,20,::::312,U293HS18,7,(),387,594.72
20141127091041,246,0.0,31.0,system(217.0,com.qualcomm.fastdormancy,com.qualcomm.fastdormancy,android,com.facebook.katana,jp.naver.line.android,com.qualcomm.fastdormancy,jp.naver.line.android,com.qualcomm.fastdormancy,com.facebook.katana,jp.naver.line.android,com.qualcomm.fastdormancy,com.qualcomm.fastdormancy),0,3949,-1.12,88,25.4,P0C1B1A0D0S0L0Q0,20,::::392,U386HS6,7,(),241,639.6
20141127091429,227,0.0,32.0,qpnp_rtc_alarm(183.0,com.qualcomm.fastdormancy,com.qualcomm.fastdormancy,1gms,1gms,com.qualcomm.fastdormancy,com.qualcomm.fastdormancy,com.qualcomm.fastdormancy,com.qualcomm.fastdormancy,com.qualcomm.fastdormancy,1gms,com.qualcomm.fastdormancy,com.qualcomm.fastdormancy,com.qualcomm.fastdormancy,jp.naver.line.android),0,13452,-2.23,88,25.4,P0C1B1A0D0S0L0Q0,20,::::246,U233HS12,4,(),197,560.97
20141127092043,373,0.0,31.0,system(331.0,com.qualcomm.fastdormancy,com.qualcomm.fastdormancy,jp.naver.line.android,com.qualcomm.fastdormancy,com.qualcomm.fastdormancy,com.qualcomm.fastdormancy,com.qualcomm.fastdormancy,com.qualcomm.fastdormancy,com.qualcomm.fastdormancy,com.qualcomm.fastdormancy,com.qualcomm.fastdormancy,android,com.qualcomm.fastdormancy),0,53109,-1.96,88,25.4,P0C1B1A0D0S0L0Q0,20,::::227,U211HS16,10,(),366,460.17
20141127092616,333,0.0,31.0,qpnp_rtc_alarm(311.0,com.qualcomm.fastdormancy,com.qualcomm.fastdormancy,com.qualcomm.fastdormancy,1gms,jp.naver.line.android,com.qualcomm.fastdormancy,com.qualcomm.fastdormancy,jp.naver.line.android,com.qualcomm.fastdormancy,com.qualcomm.fastdormancy,com.facebook.katana,1gms),0,16924,-0.99,88,25.4,P0C1B1A0D0S0L0Q0,20,::::373,U358HS15,7,(),330,819.4
20141127093152,336,3.33,35.0,system(253.0,com.qualcomm.fastdormancy,com.qualcomm.fastdormancy,com.facebook.katana,0autotesting,com.facebook.katana,jp.naver.line.android,jp.naver.line.android,android,com.facebook.katana,com.qualcomm.fastdormancy,1gms,com.qualcomm.fastdormancy,com.qualcomm.fastdormancy,com.facebook.katana,1gms,android),0,1688,-7.76,88,25.4,P0C1B1A0D0S0L0Q0,20,::::333,U333,7,(),269,1612.35
20141127093531,219,0.0,32.0,qpnp_rtc_alarm(156.0,com.qualcomm.fastdormancy,com.qualcomm.fastdormancy,1gms,com.qualcomm.fastdormancy,com.qualcomm.fastdormancy,1gms,com.qualcomm.fastdormancy,1gms,com.qualcomm.fastdormancy,com.qualcomm.fastdormancy,com.qualcomm.fastdormancy,com.facebook.katana,com.qualcomm.fastdormancy,com.qualcomm.fastdormancy,com.qualcomm.fastdormancy,com.qualcomm.fastdormancy,com.qualcomm.fastdormancy,jp.naver.line.android),0,39212,-2.15,88,25.4,P0C1B1A0D0S0L0Q0,20,::::336,U304HS31,12,(),196,480.56
20141127093841,190,0.0,31.0,system(177.0,com.qualcomm.fastdormancy,com.qualcomm.fastdormancy,com.qualcomm.fastdormancy,jp.naver.line.android,com.qualcomm.fastdormancy,1gms),0,21465,-0.41,88,25.4,P0C1B1A0D0S0L0Q0,20,::::219,U202HS17,4,(),187,721.03
20141127094207,205,0.0,31.0,system(197.0,com.qualcomm.fastdormancy,com.qualcomm.fastdormancy,com.qualcomm.fastdormancy,com.qualcomm.fastdormancy),0,384,-0.49,87,25.4,P0C1B1A0D0S0L0Q0,20,::::190,U190,4,(),206,904.8
20141127094619,251,0.0,31.0,system(235.0,com.qualcomm.fastdormancy,android,com.qualcomm.fastdormancy,jp.naver.line.android,android,com.qualcomm.fastdormancy),0,4014,-0.92,87,25.4,P0C1B1A0D0S0L0Q0,20,::::205,U205,4,(),241,497.87
20141127094947,207,0.0,31.0,system(174.0,com.qualcomm.fastdormancy,1gms,com.facebook.katana,jp.naver.line.android,com.qualcomm.fastdormancy,com.qualcomm.fastdormancy,com.facebook.katana,jp.naver.line.android,com.qualcomm.fastdormancy,com.qualcomm.fastdormancy),0,280,-1.46,87,25.4,P0C1B1A0D0S0L0Q0,20,::::251,U245HS5,5,(),203,616.4
20141127095608,380,0.0,32.0,qpnp_rtc_alarm(356.0,com.qualcomm.fastdormancy,com.qualcomm.fastdormancy,android,com.qualcomm.fastdormancy,com.qualcomm.fastdormancy,android,1gms),0,4986,-1.18,87,25.4,P0C1B1A0D0S0L0Q0,20,::::207,U202HS5,8,(),377,435.94
20141127095955,227,5.51,36.0,qpnp_rtc_alarm(101.0,jp.naver.line.android,com.qualcomm.fastdormancy,com.qualcomm.fastdormancy,jp.naver.line.android,1gms,1gms,com.qualcomm.fastdormancy,com.qualcomm.fastdormancy,com.qualcomm.fastdormancy,0autotesting,com.facebook.katana,android,android,android,android,com.facebook.katana),0,9274,-11.71,87,25.4,P0C1B1A0D0S0L0Q0,20,::::380,U368HS12,5,(),115,1585.31
20141127100308,193,0.0,33.0,qpnp_rtc_alarm(162.0,com.qualcomm.fastdormancy,com.qualcomm.fastdormancy,1talk,1gms,com.facebook.katana,com.qualcomm.fastdormancy,com.qualcomm.fastdormancy,android,1gms,com.facebook.katana,1gms,com.qualcomm.fastdormancy,com.qualcomm.fastdormancy,com.qualcomm.fastdormancy,com.qualcomm.fastdormancy,com.facebook.katana,jp.naver.line.android),0,37511,-1.24,87,25.4,P0C1B1A0D0S0L0Q0,20,::::227,U195HS31,10,(),178,436.4
20141127100619,190,0.0,32.0,qpnp_rtc_alarm(143.0,com.qualcomm.fastdormancy,jp.naver.line.android,com.qualcomm.fastdormancy,com.qualcomm.fastdormancy,com.qualcomm.fastdormancy,com.qualcomm.fastdormancy,com.qualcomm.fastdormancy,com.qualcomm.fastdormancy,com.qualcomm.fastdormancy,com.qualcomm.fastdormancy,com.qualcomm.fastdormancy,com.qualcomm.fastdormancy,com.qualcomm.fastdormancy,com.qualcomm.fastdormancy,com.qualcomm.fastdormancy,1gms,com.qualcomm.fastdormancy),0,24210,-1.56,86,26.3,P0C1B1A0D0S0L0Q0,20,::::193,U180HS13,12,(),185,513.69
20141127101009,230,0.0,32.0,qpnp_rtc_alarm(190.0,com.qualcomm.fastdormancy,com.facebook.katana,com.qualcomm.fastdormancy,com.qualcomm.fastdormancy,com.qualcomm.fastdormancy,com.qualcomm.fastdormancy,com.qualcomm.fastdormancy,com.qualcomm.fastdormancy,com.qualcomm.fastdormancy,com.qualcomm.fastdormancy,com.qualcomm.fastdormancy,jp.naver.line.android,com.qualcomm.fastdormancy),0,34697,-1.62,86,26.3,P0C1B1A0D0S0L0Q0,20,::::190,U179HS10,12,(),227,471.55
20141127101549,340,0.0,32.0,qpnp_rtc_alarm(320.0,com.qualcomm.fastdormancy,android,jp.naver.line.android,1gms,jp.naver.line.android,com.qualcomm.fastdormancy,com.qualcomm.fastdormancy,com.qualcomm.fastdormancy,com.qualcomm.fastdormancy,com.facebook.katana,1gms),0,519,-0.97,86,26.3,P0C1B1A0D0S0L0Q0,20,::::230,U213HS17,7,(),336,642.8
20141127102034,284,0.0,31.0,qpnp_rtc_alarm(259.0,com.qualcomm.fastdormancy,com.qualcomm.fastdormancy,com.facebook.katana,jp.naver.line.android,com.qualcomm.fastdormancy,com.qualcomm.fastdormancy,jp.naver.line.android,com.qualcomm.fastdormancy,com.qualcomm.fastdormancy,com.qualcomm.fastdormancy,jp.naver.line.android,1gms),0,1374,-0.95,86,26.3,P0C1B1A0D0S0L0Q0,20,::::340,U334HS5,6,(),283,704.57
20141127102509,274,0.0,31.0,qpnp_rtc_alarm(271.0,android,jp.naver.line.android),0,9918,-0.46,86,26.3,P0C1B1A0D0S0L0Q0,20,::::284,U279HS5,2,(),272,745.2
20141127102832,203,0.0,31.0,qpnp_rtc_alarm(194.0,com.qualcomm.fastdormancy,com.qualcomm.fastdormancy,jp.naver.line.android,1gms,1gms,0autotesting),0,306,-0.34,86,26.3,P0C1B1A0D0S0L0Q0,20,::::274,U274,3,(),201,980.16
20141127103141,189,7.08,36.0,system(40.0,com.facebook.katana,com.qualcomm.fastdormancy,1gms,1gms,com.qualcomm.fastdormancy,com.qualcomm.fastdormancy),0,672,-12.47,86,26.3,P0C1B1A0D0S0L0Q0,20,::::203,U203,2,(),48,1290.46
20141127103724,342,0.0,32.0,system(325.0,jp.naver.line.android,com.qualcomm.fastdormancy,com.qualcomm.fastdormancy,jp.naver.line.android,1gms,com.qualcomm.fastdormancy,com.qualcomm.fastdormancy,android),0,33997,-0.88,86,26.3,P0C1B1A0D0S0L0Q0,20,::::189,U158HS30,7,(),338,579.36
20141127104135,250,0.0,32.0,system(229.0,com.qualcomm.fastdormancy,com.qualcomm.fastdormancy,com.qualcomm.fastdormancy,com.qualcomm.fastdormancy,1gms,android,jp.naver.line.android,com.qualcomm.fastdormancy,com.qualcomm.fastdormancy,com.qualcomm.fastdormancy,com.qualcomm.fastdormancy,jp.naver.line.android),0,13835,-0.72,85,26.1,P0C1B1A0D0S0L0Q0,20,::::342,U337HS4,6,(),246,848.8
20141127104609,273,0.0,31.0,qpnp_rtc_alarm(265.0,com.qualcomm.fastdormancy,com.qualcomm.fastdormancy,1gms,com.facebook.katana,jp.naver.line.android),0,344,-0.46,85,26.1,P0C1B1A0D0S0L0Q0,20,::::250,U245HS5,3,(),271,564.0
20141127105115,305,0.0,31.0,qpnp_rtc_alarm(297.0,com.qualcomm.fastdormancy,com.qualcomm.fastdormancy,android,jp.naver.line.android,1gms,android),0,225,-0.51,85,26.1,P0C1B1A0D0S0L0Q0,20,::::273,U273,4,(),304,834.24
20141127105716,361,0.0,31.0,system(331.0,com.qualcomm.fastdormancy,com.qualcomm.fastdormancy,com.qualcomm.fastdormancy,com.qualcomm.fastdormancy,1gms,jp.naver.line.android,com.qualcomm.fastdormancy,com.qualcomm.fastdormancy,com.qualcomm.fastdormancy),0,67,-1.37,85,26.1,P0C1B1A0D0S0L0Q0,20,::::305,U305,6,(),356,535.05
20141127110024,187,3.33,33.0,qpnp_rtc_alarm(107.0,com.qualcomm.fastdormancy,1gms,com.qualcomm.fastdormancy,com.qualcomm.fastdormancy,1gms,android,com.facebook.katana,0autotesting,jp.naver.line.android,jp.naver.line.android),0,19029,-5.72,85,26.1,P0C1B1A0D0S0L0Q0,20,::::361,U345HS16,5,(),119,922.83
20141127110622,357,0.0,32.0,qpnp_rtc_alarm(334.0,1gms,com.qualcomm.fastdormancy,com.qualcomm.fastdormancy,com.qualcomm.fastdormancy,com.qualcomm.fastdormancy,1gms,1gms,com.qualcomm.fastdormancy,com.qualcomm.fastdormancy,jp.naver.line.android,com.qualcomm.fastdormancy),0,11846,-1.19,85,26.1,P0C1B1A0D0S0L0Q0,20,::::187,U175HS11,6,(),352,514.89
20141127111020,238,0.0,31.0,qpnp_rtc_alarm(222.0,com.qualcomm.fastdormancy,jp.naver.line.android,com.qualcomm.fastdormancy,com.qualcomm.fastdormancy,1gms,com.qualcomm.fastdormancy,com.qualcomm.fastdormancy),0,7084,-0.52,85,26.1,P0C1B1A0D0S0L0Q0,20,::::357,U353HS4,7,(),235,596.8
20141127111322,181,0.0,30.0,qpnp_rtc_alarm(180.0,android),0,0,-0.3,85,26.1,P0C1B1A0D0S0L0Q0,20,::::238,U238,1,(),182,1190.4
20141127111808,286,0.0,31.0,qpnp_rtc_alarm(268.0,1gms,jp.naver.line.android,com.qualcomm.fastdormancy,jp.naver.line.android,com.qualcomm.fastdormancy,com.facebook.katana,com.qualcomm.fastdormancy,com.qualcomm.fastdormancy,1gms),0,52,-0.88,85,26.1,P0C1B1A0D0S0L0Q0,20,::::181,U181,4,(),284,490.32
20141127112254,285,0.0,31.0,qpnp_rtc_alarm(275.0,jp.naver.line.android,com.qualcomm.fastdormancy,com.qualcomm.fastdormancy,jp.naver.line.android,android,1gms),0,8307,-0.54,85,26.1,P0C1B1A0D0S0L0Q0,20,::::286,U280HS6,4,(),282,596.8
20141127112659,245,0.0,31.0,system(217.0,jp.naver.line.android,com.qualcomm.fastdormancy,com.qualcomm.fastdormancy,1gms,1gms,com.qualcomm.fastdormancy,com.qualcomm.fastdormancy),0,191,-1.41,85,26.1,P0C1B1A0D0S0L0Q0,20,::::285,U285,5,(),226,457.6
20141127113057,238,5.1,36.0,qpnp_rtc_alarm(111.0,com.qualcomm.fastdormancy,com.qualcomm.fastdormancy,jp.naver.line.android,1gms,com.facebook.katana,com.qualcomm.fastdormancy,com.qualcomm.fastdormancy,0autotesting,android,jp.naver.line.android,jp.naver.line.android,android,com.qualcomm.fastdormancy,com.qualcomm.fastdormancy,android),0,63396,-12.4,84,26.0,P0C1B1A0D0S0L0Q0,20,::::245,U228HS16,9,(),132,1575.56
20141127113415,198,0.0,33.0,system(159.0,com.qualcomm.fastdormancy,1gms,com.qualcomm.fastdormancy,android,1gms,com.qualcomm.fastdormancy,com.qualcomm.fastdormancy,com.qualcomm.fastdormancy,com.qualcomm.fastdormancy,com.qualcomm.fastdormancy,com.qualcomm.fastdormancy,com.qualcomm.fastdormancy,com.qualcomm.fastdormancy,com.qualcomm.fastdormancy),0,83125,-1.2,84,26.0,P0C1B1A0D0S0L0Q0,20,::::238,U177HS60,13,(),186,650.95
20141127113917,301,0.0,32.0,system(273.0,com.qualcomm.fastdormancy,com.qualcomm.fastdormancy,android,1gms,com.qualcomm.fastdormancy,com.qualcomm.fastdormancy,jp.naver.line.android,com.qualcomm.fastdormancy,com.qualcomm.fastdormancy,jp.naver.line.android,1gms,com.qualcomm.fastdormancy,com.qualcomm.fastdormancy),0,7124,-0.92,84,26.0,P0C1B1A0D0S0L0Q0,20,::::198,U182HS15,10,(),294,627.15
20141127114224,186,0.0,32.0,qpnp_rtc_alarm(168.0,com.qualcomm.fastdormancy,com.qualcomm.fastdormancy,com.qualcomm.fastdormancy,com.qualcomm.fastdormancy,android,1gms,1apps.plus,com.qualcomm.fastdormancy,com.qualcomm.fastdormancy),0,7386,-0.63,84,26.0,P0C1B1A0D0S0L0Q0,20,::::301,U293HS8,6,(),178,622.32
20141127114559,215,0.0,31.0,system(204.0,android,com.facebook.katana,jp.naver.line.android,com.qualcomm.fastdormancy,com.qualcomm.fastdormancy,jp.naver.line.android),0,12054,-0.5,84,26.0,P0C1B1A0D0S0L0Q0,20,::::186,U181HS5,3,(),215,604.4
20141127115059,299,0.0,32.0,qpnp_rtc_alarm(279.0,com.qualcomm.fastdormancy,com.qualcomm.fastdormancy,1gms,android,com.qualcomm.fastdormancy,com.qualcomm.fastdormancy),0,267,-1.07,84,26.0,P0C1B1A0D0S0L0Q0,20,::::215,U215,5,(),295,581.89
20141127115623,324,0.0,31.0,qpnp_rtc_alarm(309.0,jp.naver.line.android,com.qualcomm.fastdormancy,com.qualcomm.fastdormancy,jp.naver.line.android,android,com.qualcomm.fastdormancy,com.qualcomm.fastdormancy,1gms,1gms),0,9392,-0.62,84,26.0,P0C1B1A0D0S0L0Q0,20,::::299,U288HS11,6,(),322,598.4
20141127120110,286,0.0,31.0,qpnp_rtc_alarm(271.0,jp.naver.line.android,com.qualcomm.fastdormancy,com.qualcomm.fastdormancy,jp.naver.line.android,com.facebook.katana,android,1gms,com.qualcomm.fastdormancy,com.qualcomm.fastdormancy,1gms,com.qualcomm.fastdormancy),0,332,-0.61,84,26.0,P0C1B1A0D0S0L0Q0,20,::::324,U324,6,(),284,709.33
20141127120514,244,0.0,31.0,system(230.0,com.qualcomm.fastdormancy,com.qualcomm.fastdormancy,com.qualcomm.fastdormancy,jp.naver.line.android,1gms),0,1468,-0.82,84,26.0,P0C1B1A0D0S0L0Q0,20,::::286,U286,5,(),243,582.0
20141127121000,286,0.0,31.0,qpnp_rtc_alarm(276.0,com.qualcomm.fastdormancy,com.qualcomm.fastdormancy,1gms,com.qualcomm.fastdormancy,com.qualcomm.fastdormancy,jp.naver.line.android),0,10022,-0.57,83,25.4,P0C1B1A0D0S0L0Q0,20,::::244,U239HS5,4,(),283,676.0
20141127121547,346,0.0,31.0,qpnp_rtc_alarm(328.0,com.qualcomm.fastdormancy,com.qualcomm.fastdormancy,com.qualcomm.fastdormancy,jp.naver.line.android,com.qualcomm.fastdormancy,1gms,android,com.qualcomm.fastdormancy,com.qualcomm.fastdormancy,com.facebook.katana),0,144,-1.1,83,25.4,P0C1B1A0D0S0L0Q0,20,::::286,U286,5,(),344,745.2
20141127122033,286,0.0,31.0,qpnp_rtc_alarm(276.0,1gms,jp.naver.line.android,com.qualcomm.fastdormancy,com.qualcomm.fastdormancy,jp.naver.line.android,1gms),0,8527,-0.49,83,25.4,P0C1B1A0D0S0L0Q0,20,::::346,U340HS5,4,(),283,527.6
20141127122400,206,0.0,30.0,qpnp_rtc_alarm(205.0),0,144,-0.34,83,25.4,P0C1B1A0D0S0L0Q0,20,::::286,U286,1,(),205,422.4
20141127122703,183,0.0,30.0,qpnp_rtc_alarm(173.0,android,jp.naver.line.android,com.qualcomm.fastdormancy,com.qualcomm.fastdormancy,jp.naver.line.android,1gms),0,144,-0.38,83,25.4,P0C1B1A0D0S0L0Q0,20,::::206,U206,4,(),181,676.0
20141127123032,209,0.0,30.0,qpnp_rtc_alarm(202.0,1gms,com.qualcomm.fastdormancy,com.qualcomm.fastdormancy,com.facebook.katana,1gms,0ironnotifyled),0,349,-0.41,83,25.4,P0C1B1A0D0S0L0Q0,20,::::183,U183,2,(),209,699.0
20141127123436,244,0.0,31.0,system(227.0,com.qualcomm.fastdormancy,com.qualcomm.fastdormancy,jp.naver.line.android,com.qualcomm.fastdormancy,com.qualcomm.fastdormancy,jp.naver.line.android),0,908,-0.78,83,25.4,P0C1B1A0D0S0L0Q0,20,::::209,U209,4,(),242,614.64
20141127123800,203,0.0,31.0,qpnp_rtc_alarm(193.0,com.qualcomm.fastdormancy,jp.naver.line.android,com.qualcomm.fastdormancy,1gms,1gms,android),0,18835,-0.44,83,25.4,P0C1B1A0D0S0L0Q0,20,::::244,U237HS7,3,(),200,714.4
20141127124313,313,8.32,41.0,qpnp_rtc_alarm(146.0,jp.naver.line.android,com.qualcomm.fastdormancy,com.qualcomm.fastdormancy,android,1gms,1gms,0autotesting,jp.naver.line.android,jp.naver.line.android,com.meitu.meipaimv,com.qualcomm.fastdormancy),0,518,-23.44,82,26.4,P0C1B1A0D0S0L0Q0,20,::::203,U198HS5,3,(),150,1089.23
20141127124614,181,9.37,43.0,(0.0,com.facebook.katana,1gms,jp.naver.line.android,jp.naver.line.android,jp.naver.line.android),0,1012580,-23.13,81,27.65,P0C1B1A0D0S0L0Q0,20,::::313,U247HS66,0,(),0,935.44
20141127124915,181,9.37,40.0,(0.0,jp.naver.line.android,jp.naver.line.android,jp.naver.line.android,jp.naver.line.android,jp.naver.line.android,jp.naver.line.android,jp.naver.line.android,jp.naver.line.android,android),0,1087510,-18.15,80,28.85,P0C1B1A0D0S0L0Q0,20,::::181,U142HS38,0,(),0,749.71
20141127125217,181,9.37,42.0,(0.0,1gms,android,android),0,6377675,-20.16,80,29.8,P0C1B1A0D0S0L0Q0,20,::::181,U114HS66,0,(),0,1272.51
20141127125518,181,9.37,39.0,(0.0,jp.naver.line.android,android,android,jp.naver.line.android),0,799362,-14.53,79,29.5,P0C1B1A0D0S0L0Q0,20,::::181,U80HS100,0,(),0,683.76
20141127125819,181,9.37,40.0,(0.0,1gms,android,android,android,jp.naver.line.android,jp.naver.line.android,android),0,5828,-14.38,78,29.6,P0C1B1A0D0S0L0Q0,20,::::181,U149HS31,0,(),0,916.75
20141127130128,188,1.35,38.0,system(152.0,android,android,1gms,com.facebook.katana,android,1gms),0,9456,-2.27,78,28.5,P0C1B1A0D0S0L0Q0,20,::::181,U146HS34,6,(),160,1097.64
20141127130437,188,0.0,33.0,system(182.0,jp.naver.line.android,jp.naver.line.android),0,480,-0.35,78,28.5,P0C1B1A0D0S0L0Q0,20,::::188,U188,4,(),189,668.4
20141127130926,289,0.0,33.0,system(276.0,1gms,1gms),0,144,-0.75,78,27.4,P0C1B1A0D0S0L0Q0,20,::::188,U188,3,(),284,427.2
20141127131410,284,0.0,32.0,system(270.0,1gms,jp.naver.line.android,jp.naver.line.android,android),0,22801,-0.63,78,26.4,P0C1B1A0D0S0L0Q0,20,::::289,U278HS10,8,(),279,709.33
20141127131826,255,0.0,31.0,qpnp_rtc_alarm(245.0,com.facebook.katana,1gms),0,3240,-0.57,78,26.4,P0C1B1A0D0S0L0Q0,20,::::284,U274HS10,4,(),251,596.8
20141127132425,359,0.0,31.0,qpnp_rtc_alarm(348.0,jp.naver.line.android,jp.naver.line.android,1gms,1gms),0,3530,-0.65,78,25.4,P0C1B1A0D0S0L0Q0,20,::::255,U246HS9,6,(),357,600.34
20141127132838,252,0.0,31.0,system(237.0,1gms,jp.naver.line.android,jp.naver.line.android,android),0,587,-0.64,78,25.4,P0C1B1A0D0S0L0Q0,20,::::359,U359,7,(),247,542.13
20141127133226,228,0.0,31.0,qpnp_rtc_alarm(216.0,com.facebook.katana,1gms,2vending,jp.naver.line.android),0,10720,-0.54,78,25.4,P0C1B1A0D0S0L0Q0,20,::::252,U243HS9,4,(),226,710.06
20141127133848,382,0.0,30.0,qpnp_rtc_alarm(370.0,jp.naver.line.android,1gms,1gms,android,android,1gms,1gms),0,8313,-0.71,78,25.4,P0C1B1A0D0S0L0Q0,20,::::228,U218HS10,5,(),378,604.8
20141127134253,245,0.0,31.0,system(218.0,jp.naver.line.android,jp.naver.line.android),0,206,-1.49,77,24.7,P0C1B1A0D0S0L0Q0,20,::::382,U382,6,(),231,470.88
20141127134626,212,0.0,30.0,qpnp_rtc_alarm(201.0,1gms,com.facebook.katana,jp.naver.line.android),0,52461,-0.53,77,24.7,P0C1B1A0D0S0L0Q0,20,::::245,U212HS32,6,(),210,712.11
20141127135001,214,0.0,30.0,qpnp_rtc_alarm(203.0,jp.naver.line.android,1gms,jp.co.johospace.jorte),0,488,-0.53,77,24.7,P0C1B1A0D0S0L0Q0,20,::::212,U212,5,(),210,532.46
20141127135308,186,0.0,30.0,qpnp_rtc_alarm(164.0,android,jp.co.johospace.jorte,android,android,1gms,1gms),0,6751,-0.62,77,24.7,P0C1B1A0D0S0L0Q0,20,::::214,U205HS9,8,(),181,432.18
20141127135753,285,0.0,30.0,qpnp_rtc_alarm(278.0,jp.naver.line.android,jp.naver.line.android,1gms),0,8810,-0.48,77,24.7,P0C1B1A0D0S0L0Q0,20,::::186,U166HS20,4,(),284,610.8
20141127140301,308,0.0,30.0,qpnp_rtc_alarm(299.0,jp.naver.line.android,com.facebook.katana,0ironnotifyled,jp.naver.line.android,com.twitter.android,1gms,android),0,381,-0.71,77,24.7,P0C1B1A0D0S0L0Q0,20,::::285,U285,6,(),305,765.6
20141127140604,182,0.0,31.0,system(118.0,android,jp.naver.line.android,jp.naver.line.android,jp.naver.line.android,1gms,jp.naver.line.android,jp.naver.line.android),0,1194,-1.97,77,24.7,P0C1B1A0D0S0L0Q0,20,::::308,U299HS8,14,(),143,408.75
20141127140908,183,0.0,31.0,system(154.0,1gms,android,jp.naver.line.android),0,2151,-0.82,77,24.7,P0C1B1A0D0S0L0Q0,20,::::182,U182,13,(),181,687.39
20141127141243,215,0.0,31.0,qpnp_rtc_alarm(207.0,jp.naver.line.android,jp.naver.line.android,android),0,9977,-0.55,77,24.7,P0C1B1A0D0S0L0Q0,20,::::183,U183,4,(),215,548.64
20141127141544,181,6.66,35.0,system(11.0,0autotesting,com.facebook.katana,android,android,android,android,com.meitu.meipaimv,1gms),0,0,-15.47,76,25.2,P0C1B1A0D0S0L0Q0,20,::::215,U205HS9,4,(),19,1003.31
20141127142004,259,0.0,33.0,system(218.0,android,jp.naver.line.android,jp.naver.line.android,jp.naver.line.android,android,1gms),0,79632,-1.92,76,25.2,P0C1B1A0D0S0L0Q0,20,::::181,U137HS43,10,(),239,611.69
20141127142315,191,0.0,30.0,qpnp_rtc_alarm(182.0,1gms,jp.naver.line.android),0,16679,-0.32,76,25.2,P0C1B1A0D0S0L0Q0,20,::::259,U215HS44,5,(),189,727.2
20141127142703,227,0.0,30.0,qpnp_rtc_alarm(223.0,jp.naver.line.android,android,1gms),0,224,-0.4,76,25.2,P0C1B1A0D0S0L0Q0,20,::::191,U191,3,(),227,637.6
20141127143016,192,0.0,30.0,qpnp_rtc_alarm(189.0,com.facebook.katana,jp.naver.line.android),0,0,-0.32,76,25.2,P0C1B1A0D0S0L0Q0,20,::::227,U227,2,(),191,476.4
20141127143640,384,0.0,30.0,qpnp_rtc_alarm(375.0,jp.naver.line.android,1gms,1gms,1gms),0,144,-0.67,76,25.2,P0C1B1A0D0S0L0Q0,20,::::192,U192,3,(),381,478.08
20141127143958,198,4.37,33.0,qpnp_rtc_alarm(104.0,jp.naver.line.android,jp.naver.line.android,android,0autotesting,1talk,android),0,311,-6.99,75,24.4,P0C1B1A0D0S0L0Q0,20,::::384,U384,4,(C1:143916,C0:143941),109,1076.94
20141127144337,218,2.71,33.0,qpnp_rtc_alarm(150.0,1gms,1gms,com.facebook.katana),0,17416,-3.84,75,24.4,P0C1B1A0D0S0L0Q0,20,::::198,U188HS9,7,(),163,949.4
20141127145002,385,0.0,30.0,qpnp_rtc_alarm(370.0,jp.naver.line.android,jp.naver.line.android,1gms,1gms,jp.co.johospace.jorte),0,11597,-0.72,75,24.4,P0C1B1A0D0S0L0Q0,20,::::218,U209HS9,8,(),381,426.13
20141127145447,285,0.0,30.0,qpnp_rtc_alarm(266.0,jp.co.johospace.jorte,android,android,jp.naver.line.android,jp.naver.line.android,android,1gms),0,425,-0.99,75,24.4,P0C1B1A0D0S0L0Q0,20,::::385,U385,8,(),278,542.84
20141127145818,211,0.0,30.0,qpnp_rtc_alarm(200.0,jp.naver.line.android),0,19712,-0.41,75,24.4,P0C1B1A0D0S0L0Q0,20,::::285,U271HS13,4,(),210,448.4
20141127150314,295,3.95,34.0,system(195.0,jp.naver.line.android,com.facebook.katana,0autotesting,android,1gms,android,com.twitter.android),0,544,-8.86,75,24.4,P0C1B1A0D0S0L0Q0,20,::::211,U211,7,(),207,1424.68
20141127150647,213,0.0,30.0,qpnp_rtc_alarm(198.0,android,1gms,jp.naver.line.android,jp.naver.line.android,1gms),0,24244,-0.38,74,24.4,P0C1B1A0D0S0L0Q0,20,::::295,U270HS25,8,(),209,610.4
20141127151050,242,0.0,30.0,system(234.0,1gms),0,3658,-0.51,74,24.4,P0C1B1A0D0S0L0Q0,20,::::213,U213,3,(),239,619.2
20141127151806,436,0.0,30.0,qpnp_rtc_alarm(421.0,jp.naver.line.android,jp.naver.line.android,1gms,com.facebook.katana,android,0autotesting),0,542,-0.85,74,24.4,P0C1B1A0D0S0L0Q0,20,::::242,U233HS9,7,(),433,712.0
20141127152123,196,9.89,35.0,system(2.0,jp.naver.line.android,android,jp.naver.line.android,jp.naver.line.android,android,android,android),0,7944,-22.59,73,25.55,P0C1B1A0D0S0L0Q0,20,::::436,U426HS10,1,(),6,1697.15
20141127152432,189,0.0,32.0,system(174.0,android,1gms,1gms),0,116449,-0.39,73,25.55,P0C1B1A0D0S0L0Q0,20,::::196,U102HS93,7,(),187,490.93
20141127152753,201,0.0,30.0,qpnp_rtc_alarm(190.0,jp.naver.line.android,jp.naver.line.android,android,1gms),0,559,-0.41,73,25.55,P0C1B1A0D0S0L0Q0,20,::::189,U189,7,(),201,554.4
20141127153100,186,4.99,34.0,qpnp_rtc_alarm(46.0,0autotesting,com.facebook.katana,android,android,1gms,android),0,706,-10.21,73,25.55,P0C1B1A0D0S0L0Q0,20,::::201,U201,4,(),51,1327.44
20141127153403,182,0.0,32.0,system(85.0,android,1gms,android,android,jp.naver.line.android,jp.naver.line.android,jp.naver.line.android,jp.naver.line.android,jp.naver.line.android),0,45571,-3.08,73,25.55,P0C1B1A0D0S0L0Q0,20,::::186,U156HS30,12,(),101,399.01
20141127153726,203,0.0,31.0,qpnp_rtc_alarm(152.0,android,android,jp.naver.line.android),0,2933,-1.8,73,25.55,P0C1B1A0D0S0L0Q0,20,::::182,U182,8,(),163,436.44
20141127154056,210,0.0,32.0,system(129.0,1gms,1gms,jp.naver.line.android,android,1talk,android,android,android),0,3774,-2.39,72,25.2,P0C1B1A0D0S0L0Q0,20,::::203,U203,19,(),167,459.76
20141127154507,250,0.0,31.0,qpnp_rtc_alarm(225.0,jp.naver.line.android,1gms,jp.naver.line.android,com.facebook.katana),0,1997,-0.84,72,25.2,P0C1B1A0D0S0L0Q0,20,::::210,U210,10,(),247,595.68
20141127154854,226,0.0,30.0,qpnp_rtc_alarm(221.0,android,1gms),0,1468,-0.38,72,25.2,P0C1B1A0D0S0L0Q0,20,3::::246,S3N3U238HS8,2,(),224,893.6
20141127155622,448,0.0,32.0,qpnp_rtc_alarm(302.0,1gms,android,jp.naver.line.android,android,jp.naver.line.android,jp.naver.line.android,jp.naver.line.android,jp.naver.line.android,android,1gms,1gms,android,1gms,jp.naver.line.android),0,598,-6.04,72,25.4,P0C1B1A0D0S0L0Q0,20,::::226,U226,14,(),326,385.34
20141127155929,187,3.33,33.0,qpnp_rtc_alarm(24.0,1gms,0autotesting,com.facebook.katana,1gms,1gms),0,41139,-8.64,71,25.6,P0C1B1A0D0S0L0Q0,20,::::448,U431HS16,2,(),28,612.73
20141127160244,194,0.0,33.0,qpnp_rtc_alarm(80.0,0PowerMonitor,1gms,com.twitter.android,1gms),0,7136,-4.21,71,26.1,P0C1B1A0D0S0L0Q0,20,::::187,U187,4,(),85,321.97
20141127160740,295,0.0,33.0,system(69.0,android,android,1gms),0,2162,-8.33,71,26.2,P0C1B1A0D0S0L0Q0,20,::::194,U194,6,(),75,323.83
20141127161047,186,0.0,33.0,system(144.0,1gms,1gms,1gms,android,jp.naver.line.android),0,4956,-1.02,71,26.2,P0C1B1A0D0S0L0Q0,20,::::295,U295,21,(),181,657.31
20141127161526,279,0.0,33.0,qpnp_rtc_alarm(153.0,1gms,1gms,1gms,1gms,com.facebook.katana),0,1413,-4.77,70,26.5,P0C1B1A0D0S0L0Q0,20,::::186,U186,6,(),163,373.88
20141127161947,261,0.0,33.0,system(127.0,1gms,android,1gms,1gms),0,3364,-4.46,70,26.5,P0C1B1A0D0S0L0Q0,20,::::279,U279,15,(),146,378.93
20141127162312,204,1.66,35.0,qpnp_rtc_alarm(139.0,1gms,1gms,0autotesting),0,2258,-3.67,70,26.5,P0C1B1A0D0S0L0Q0,20,::::261,U261,16,(),166,1404.89
20141127162712,240,1.56,36.0,qpnp_rtc_alarm(60.0,android,1gms,1gms,android,android,1gms,android),0,1072,-9.62,69,27.25,P0C1B1A0D0S0L0Q0,20,::::204,U204,2,(),62,552.43
20141127163226,313,3.23,38.0,qpnp_rtc_alarm(206.0,1gms,1gms,0autotesting,com.facebook.katana,android,android,1gms,android,1gms),0,8686,-9.17,69,27.25,P0C1B1A0D0S0L0Q0,20,::::240,U240,3,(),209,1317.38
20141127163712,285,0.0,34.0,qpnp_rtc_alarm(212.0,android,1gms,android,1gms,1gms),0,3320,-2.8,69,27.25,P0C1B1A0D0S0L0Q0,20,::::313,U313,7,(),221,315.35
20141127164132,260,0.0,34.0,system(122.0,android,1gms,android,1gms,1talk),0,2914,-4.87,69,27.0,P0C1B1A0D0S0L0Q0,20,::::285,U285,6,(),128,325.44
20141127164436,183,0.0,34.0,system(97.0,1gms,android,1gms,android,1apps.plus,android,com.facebook.katana,android),0,2670,-4.37,68,27.0,P0C1B1A0D0S0L0Q0,20,::::260,U260,9,(),133,411.2
20141127164740,184,0.0,34.0,system(148.0,jp.naver.line.android,jp.naver.line.android),0,185573,-1.63,68,27.0,P0C1B1A0D0S0L0Q0,20,3::::180,S3N3U114HS66,11,(),176,573.24
20141127165101,200,0.0,32.0,qpnp_rtc_alarm(197.0,jp.naver.line.android,jp.co.johospace.jorte),0,10080,-0.43,68,27.0,P0C1B1A0D0S0L0Q0,20,::::184,U125HS59,2,(),201,1036.8
20141127165413,192,0.0,33.0,qpnp_rtc_alarm(101.0,jp.co.johospace.jorte,android,android,1gms,android,android,android),0,0,-3.14,68,27.0,P0C1B1A0D0S0L0Q0,20,::::200,U200,8,(),110,378.38
20141127165836,263,2.6,35.0,qpnp_rtc_alarm(102.0,jp.naver.line.android,jp.naver.line.android,android,jp.naver.line.android,jp.naver.line.android,android,1gms,1gms,android,android,0autotesting),0,1224,-8.18,68,27.0,P0C1B1A0D0S0L0Q0,20,::::192,U192,8,(),108,681.45
20141127170137,181,9.37,39.0,(0.0,android,android,com.facebook.katana,android,android,1gms,com.twitter.android),0,11007,-17.04,67,27.7,P0C1B1A0D0S0L0Q0,20,::::263,U263,0,(),0,879.71
20141127170527,229,2.29,38.0,qpnp_rtc_alarm(124.0,android,android,1gms,android),0,9470,-6.12,67,28.7,P0C1B1A0D0S0L0Q0,20,::::181,U181,3,(),127,879.38
20141127170838,190,0.0,35.0,qpnp_rtc_alarm(40.0,android,1gms,1gms),0,4450,-5.72,66,28.45,P0C1B1A0D0S0L0Q0,20,::::229,U229,1,(),40,311.87
20141127171209,210,0.0,35.0,qpnp_rtc_alarm(120.0,android,1gms,0pandorasbox,android,1gms,1gms,android,android,android),0,148,-3.07,66,28.45,P0C1B1A0D0S0L0Q0,20,::::190,U190,9,(),130,370.88
20141127171537,208,0.0,34.0,qpnp_rtc_alarm(195.0,1gms,1gms,com.facebook.katana,1gms),0,1446,-0.65,66,28.45,P0C1B1A0D0S0L0Q0,20,::::210,U210,5,(),203,499.5
20141127171930,233,0.0,33.0,qpnp_rtc_alarm(224.0,android),0,186,-0.48,66,28.45,P0C1B1A0D0S0L0Q0,20,::::208,U208,6,(),231,604.4
20141127172431,300,0.0,34.0,qpnp_rtc_alarm(240.0,android,android,1gms,1gms,android,android),0,196,-2.21,66,27.4,P0C1B1A0D0S0L0Q0,20,::::233,U233,8,(),250,398.33
20141127172909,277,0.0,33.0,qpnp_rtc_alarm(237.0,1gms,1gms,1gms,com.facebook.katana,android),0,1112,-1.39,66,27.4,P0C1B1A0D0S0L0Q0,20,::::300,U300,13,(),253,432.1
20141127173212,183,0.0,33.0,system(118.0,android,1gms,1gms),0,1256,-1.94,66,27.4,P0C1B1A0D0S0L0Q0,20,::::277,U277,12,(),138,376.73
20141127173540,208,0.0,33.0,qpnp_rtc_alarm(193.0,android,android,1gms),0,1789,-0.56,65,27.3,P0C1B1A0D0S0L0Q0,20,::::183,U183,8,(),206,734.93
20141127174024,283,0.0,33.0,qpnp_rtc_alarm(236.0,android,android),0,1365,-1.78,65,27.3,P0C1B1A0D0S0L0Q0,20,::::208,U208,6,(),242,394.56
20141127174343,198,0.0,33.0,system(159.0,android,1gms,1gms,1gms,1gms,android),0,62,-0.97,65,27.3,P0C1B1A0D0S0L0Q0,20,::::283,U283,23,(),194,735.94
20141127174733,230,0.0,35.0,system(174.0,com.facebook.katana,android,com.facebook.katana,jp.naver.line.android,jp.naver.line.android),0,3390,-2.94,65,27.3,P0C1B1A0D0S0L0Q0,20,::::198,U198,7,(),217,523.6
20141127175037,184,0.0,34.0,system(163.0,1gms,com.facebook.katana,1gms,com.facebook.katana,1gms,1gms),0,19678,-0.76,65,27.3,P0C1B1A0D0S0L0Q0,20,2:::1:226,N11U214L4O0,12,(),176,565.66
20141127175429,231,0.0,32.0,qpnp_rtc_alarm(228.0,android,1gms,1gms,1gms),0,0,-0.38,65,27.3,P0C1B1A0D0S0L0Q0,20,::0:100:83,N83L101O0,3,(),230,745.2
20141127175921,291,3.33,35.0,qpnp_rtc_alarm(217.0,android,1gms,0autotesting,1gms,2phone,com.facebook.katana,1gms,0autotesting),0,0,-5.5,65,27.3,P0C1B1A0D0S0L0Q0,20,::::231,N231,3,(),220,914.21
20141127180310,229,11.76,37.0,(0.0,2phone,com.twitter.android,2phone,1gms,2phone),0,0,-15.78,64,27.7,P0C1B1A0D0S0L0Q0,20,::::291,N291,0,(),1,895.96
20141127180707,236,0.0,35.0,qpnp_rtc_alarm(235.0,1gms,com.facebook.katana,com.facebook.katana),0,0,-0.42,64,27.7,P0C1B1A0D0S0L0Q0,20,::::229,N229,3,(),235,745.2
20141127181148,281,0.0,34.0,qpnp_rtc_alarm(277.0,1gms,1gms,2phone,android,1gms,0autotesting),0,0,-0.47,64,27.7,P0C1B1A0D0S0L0Q0,20,::::236,N236,3,(),279,1740.8
20141127181740,351,18.21,38.0,(0.0,2phone,jp.naver.line.android,com.facebook.katana,android,jp.naver.line.android,android,com.facebook.katana,android,1gms,android,com.facebook.katana,1gms,android,1gms,android),0,5244,-30.42,62,28.7,P0C1B1A0D0S0L0Q0,20,::::281,N281,0,(C1:181518,C0:181550,C1:181642,C0:181703),0,913.77
20141127182111,211,1.56,37.0,system(82.0,android,1gms,com.facebook.katana,com.facebook.katana,android,android,com.facebook.katana,android,com.facebook.katana,android),0,13610,-6.11,62,28.7,P0C1B1A0D0S0L0Q0,20,::::351,N108U243,10,(),92,636.9
20141127182416,185,0.0,36.0,qpnp_rtc_alarm(156.0,1gms,1gms,com.facebook.katana,1gms,android,android),0,4554,-1.32,62,28.7,P0C1B1A0D0S0L0Q0,20,::::211,U211,7,(),171,421.8
20141127182833,257,5.31,37.0,qpnp_rtc_alarm(66.0,android,android,com.facebook.katana,android,0autotesting),0,23269,-11.07,61,29.0,P0C1B1A0D0S0L0Q0,20,::::185,U173HS12,6,(C1:182715,C0:182721),72,713.8
20141127183306,272,8.01,40.0,qpnp_rtc_alarm(110.0,com.facebook.katana,com.meitu.meipaimv,android,1gms,com.facebook.katana,1apps.plus,1gms,com.facebook.katana,com.facebook.katana),0,5709,-17.27,61,30.1,P0C1B1A0D0S0L0Q0,20,::::257,U257,4,(C1:182839,C0:182848),114,950.43
20141127183835,329,0.0,36.0,qpnp_rtc_alarm(237.0,android,1gms,android,android,android,com.facebook.katana,android),0,4940,-3.48,60,29.3,P0C1B1A0D0S0L0Q0,20,::::272,U272,9,(),247,453.7
20141127184153,197,0.0,35.0,system(58.0,android,1gms,1gms,android,android,android,1gms),0,301,-5.14,60,28.6,P0C1B1A0D0S0L0Q0,20,::::329,U329,5,(),62,376.22
20141127184454,181,0.0,35.0,qpnp_rtc_alarm(41.0,android,android,android,android,android),0,3180,-5.22,60,28.5,P0C1B1A0D0S0L0Q0,20,::::197,U197,2,(),47,319.95
20141127184921,266,0.0,35.0,system(90.0,com.facebook.katana,1gms,android,android,android,android,android,com.facebook.katana),0,2676,-6.55,60,28.4,P0C1B1A0D0S0L0Q0,20,::::181,U181,6,(),98,340.53
20141127185231,190,0.0,35.0,system(101.0,1gms,1gms,android,android,1gms,1gms),0,4668,-3.65,59,28.3,P0C1B1A0D0S0L0Q0,20,::::266,U266,8,(),105,406.12
20141127185636,244,0.0,36.0,qpnp_rtc_alarm(148.0,1gms,android,android,android,1gms,1gms,0autotesting),0,6033,-3.51,59,28.3,P0C1B1A0D0S0L0Q0,20,93::::97,S93N93U89HS7,6,(),155,402.76
20141127190229,352,18.21,39.0,(0.0,1gms,android,com.facebook.katana,android,0PowerMonitor,1gms,1gms,android,android,com.twitter.android,1gms,com.facebook.katana,android),0,1932,-32.07,58,29.15,P0C1B1A0D0S0L0Q0,20,::::244,U244,0,(),0,706.18
20141127190530,181,9.37,39.0,(0.0,android,com.facebook.katana,com.facebook.katana),0,36372,-13.37,57,30.0,P0C1B1A0D0S0L0Q0,20,::::352,U352,0,(),0,478.43
20141127190831,181,9.37,39.0,(0.0,1gms,1gms,android,com.facebook.katana),0,8811,-14.68,57,30.1,P0C1B1A0D0S0L0Q0,20,::::181,U181,0,(),0,445.76
20141127191132,181,9.37,40.0,(0.0),0,32931,-13.88,56,30.8,P0C1B1A0D0S0L0Q0,20,::::181,U181,0,(),0,537.65
20141127191433,181,9.37,40.0,(0.0,1gms,android,1gms,com.facebook.katana,1gms),0,10862,-15.08,55,31.0,P0C1B1A0D0S0L0Q0,20,::::181,U181,0,(),0,667.15
20141127191742,188,3.75,40.0,system(94.0,1gms,com.facebook.katana,com.facebook.katana,1gms),0,18119,-6.99,55,31.0,P0C1B1A0D0S0L0Q0,20,::::181,U181,10,(),108,812.03
20141127192140,237,0.0,37.0,system(100.0,com.facebook.katana,1gms,android,android,android,android),0,4961,-4.72,55,29.95,P0C1B1A0D0S0L0Q0,20,::::188,U188,8,(),111,333.33
20141127192508,208,0.0,36.0,qpnp_rtc_alarm(164.0,1gms,com.facebook.katana,android,1gms,android),0,2968,-1.39,55,29.95,P0C1B1A0D0S0L0Q0,20,::::237,U237,15,(),186,525.31
20141127192844,215,0.0,36.0,system(72.0,android,1gms,1gms,1talk,android,android),0,1358,-4.93,54,29.0,P0C1B1A0D0S0L0Q0,20,::::208,U208,13,(),90,359.32
20141127193203,199,0.0,35.0,qpnp_rtc_alarm(194.0,1gms,com.facebook.katana,1gms),0,2986,-0.39,54,29.0,P0C1B1A0D0S0L0Q0,20,::::215,U215,3,(),198,494.4
20141127193632,269,0.0,34.0,qpnp_rtc_alarm(227.0,android,android),0,62,-1.48,54,29.0,P0C1B1A0D0S0L0Q0,20,::::199,U199,11,(),248,603.03
20141127193938,185,0.0,34.0,system(132.0,1gms,android,1gms,com.facebook.katana),0,1722,-1.52,54,28.0,P0C1B1A0D0S0L0Q0,20,::::269,U269,15,(),158,510.62
20141127194251,192,0.0,34.0,system(148.0,1gms),0,1049,-1.35,54,28.0,P0C1B1A0D0S0L0Q0,20,::::185,U185,13,(),170,597.4
20141127194658,247,0.0,34.0,qpnp_rtc_alarm(126.0,1gms,1gms,1gms,1gms),0,1327,-4.55,54,27.8,P0C1B1A0D0S0L0Q0,20,::::192,U192,3,(),131,334.8
20141127195116,257,0.0,35.0,qpnp_rtc_alarm(233.0,com.facebook.katana,android,android),0,2892,-1.32,54,27.8,P0C1B1A0D0S0L0Q0,20,::::247,U247,6,(),241,452.4
20141127195605,288,0.0,35.0,system(140.0,1gms,1gms,1gms,jp.naver.line.android,android,android,jp.naver.line.android,com.facebook.katana),0,23035,-6.25,53,27.6,P0C1B1A0D0S0L0Q0,20,::::257,U257,12,(),163,419.87
20141127195932,207,6.56,38.0,qpnp_rtc_alarm(26.0,com.facebook.katana,0autotesting,1gms,1gms,1gms,2phone,jp.naver.line.android,jp.naver.line.android,1gms,jp.naver.line.android,com.facebook.katana,jp.naver.line.android,jp.naver.line.android,jp.naver.line.android,android,jp.naver.line.android,jp.naver.line.android,jp.naver.line.android,com.facebook.katana,android,jp.naver.line.android,1gms,1gms,jp.naver.line.android,1gms,com.facebook.katana),0,8150,-13.39,53,28.7,P0C1B1A0D0S0L0Q0,20,1::::287,N14U272L1O0,2,(),26,863.12
20141127200316,224,0.0,36.0,qpnp_rtc_alarm(45.0,android,jp.naver.line.android,android,1gms,android,com.facebook.katana,jp.naver.line.android,com.facebook.katana,com.twitter.android,jp.naver.line.android,1gms,jp.naver.line.android,jp.naver.line.android,com.facebook.katana,android,jp.naver.line.android,jp.naver.line.android,android,jp.naver.line.android,com.facebook.katana,1gms),0,9045,-6.15,52,28.4,P0C1B1A0D0S0L0Q0,20,0:86:::119,S0N120L86,3,(),50,339.23
20141127200732,255,0.0,35.0,qpnp_rtc_alarm(123.0,android,jp.naver.line.android,1gms,1gms,android,jp.naver.line.android,1gms,jp.naver.line.android,com.facebook.katana,jp.naver.line.android,com.facebook.katana,1gms,android,jp.naver.line.android,1gms,jp.naver.line.android,com.facebook.katana,android,1gms,jp.naver.line.android,jp.naver.line.android),0,8159,-4.25,52,28.4,P0C1B1A0D0S0L0Q0,20,0:223:::,S0N82L141O0,8,(),126,351.92
20141127201202,269,0.0,33.0,qpnp_rtc_alarm(263.0,1gms,jp.naver.line.android,jp.naver.line.android,jp.naver.line.android,1gms,1gms,com.facebook.katana,jp.naver.line.android,jp.naver.line.android,jp.naver.line.android,jp.naver.line.android),0,0,-0.45,52,28.4,P0C1B1A0D0S0L0Q0,20,0:255:::,S0N144L111O0,11,(),268,1012.32
20141127201632,270,0.0,33.0,qpnp_rtc_alarm(264.0,jp.naver.line.android,jp.naver.line.android,1gms,android,1gms,1gms,jp.naver.line.android,jp.naver.line.android),0,0,-0.45,52,28.4,P0C1B1A0D0S0L0Q0,20,:269:::,N269,5,(),267,706.8
20141127201937,185,0.0,34.0,system(131.0,jp.naver.line.android,jp.naver.line.android,com.facebook.katana,jp.naver.line.android,com.facebook.katana,jp.naver.line.android,jp.naver.line.android,android,1gms),0,60898,-2.75,52,28.4,P0C1B1A0D0S0L0Q0,20,:270:::,N270,13,(),149,577.9
20141127202333,236,0.0,34.0,qpnp_rtc_alarm(206.0,1gms,1gms),0,158724,-0.87,52,28.4,P0C1B1A0D0S0L0Q0,20,:185:::,N34U123HS27,16,(),228,606.13
20141127202806,272,6.56,38.0,system(44.0,1gms,jp.naver.line.android,jp.naver.line.android,jp.naver.line.android,jp.naver.line.android,jp.naver.line.android,0autotesting,jp.naver.line.android,com.facebook.katana,1gms,com.facebook.katana,android,android,jp.naver.line.android,android,com.facebook.katana,1gms,1gms,jp.naver.line.android),0,1737,-18.54,51,28.1,P0C1B1A0D0S0L0Q0,20,:236:::,U236,10,(),61,858.33
20141127203250,284,0.0,36.0,qpnp_rtc_alarm(180.0,1gms,android,android,jp.naver.line.android,1gms,android,android,android),0,24173,-3.73,51,28.1,P0C1B1A0D0S0L0Q0,20,:80:5::187,U272,12,(),195,394.09
20141127203556,185,0.0,35.0,system(101.0,1gms,android,1gms,jp.naver.line.android),0,4015,-2.51,50,28.2,P0C1B1A0D0S0L0Q0,20,::::284,U284,17,(),128,407.79
20141127204234,398,0.0,35.0,qpnp_rtc_alarm(311.0,android,android,1gms,android,android,com.facebook.katana,1gms,android),0,3764,-2.94,50,28.2,P0C1B1A0D0S0L0Q0,20,::::185,U185,14,(),334,377.74
20141127204618,223,0.0,34.0,qpnp_rtc_alarm(188.0,1gms,1gms,android,1gms),0,362,-1.47,50,28.2,P0C1B1A0D0S0L0Q0,20,::::398,U398,6,(),197,440.59
20141127205048,270,0.0,34.0,qpnp_rtc_alarm(179.0,android,com.facebook.katana,1talk,1gms,com.facebook.katana,jp.naver.line.android,android),0,1230,-3.02,50,28.2,P0C1B1A0D0S0L0Q0,20,::::223,U223,15,(),206,408.4
20141127205356,187,0.0,34.0,system(118.0,android,1gms,com.facebook.katana,1gms),0,4659,-1.82,50,28.2,P0C1B1A0D0S0L0Q0,20,::::270,U270,24,(),157,556.62
20141127205737,221,0.0,34.0,qpnp_rtc_alarm(205.0,com.facebook.katana,1gms),0,5220,-0.61,50,28.2,P0C1B1A0D0S0L0Q0,20,::::187,U187,9,(),219,596.16
20141127210053,195,0.0,34.0,qpnp_rtc_alarm(130.0,1gms,com.facebook.katana),0,369,-1.83,49,27.6,P0C1B1A0D0S0L0Q0,20,::::221,U221,18,(),167,565.67
20141127210526,273,0.0,34.0,qpnp_rtc_alarm(97.0,com.twitter.android,com.facebook.katana,1gms,android,android,android,com.facebook.katana),0,2617,-6.57,49,27.7,P0C1B1A0D0S0L0Q0,20,::::195,U195,9,(),112,314.13
20141127210852,206,5.93,39.0,qpnp_rtc_alarm(28.0,android,android,1gms,0autotesting,com.facebook.katana,1gms,android),0,7683,-16.75,48,28.65,P0C1B1A0D0S0L0Q0,20,::::273,U273,5,(),31,555.49
20141127211154,181,9.37,44.0,(0.0,android),0,10556,-24.44,47,29.85,P0C1B1A0D0S0L0Q0,20,88::::118,S88N88U118,0,(),0,376.0
20141127211455,181,9.37,42.0,(0.0,1gms,android,1gms,android,com.facebook.katana),0,5904,-18.0,47,29.85,P0C1B1A0D0S0L0Q0,20,181::::,S181N181,0,(),0,707.73
20141127211757,182,1.56,39.0,system(101.0,android,com.facebook.katana,1gms,1gms,com.facebook.katana,1gms,android,com.facebook.katana),0,9624,-4.2,46,31.0,P0C1B1A0D0S0L0Q0,20,181::::,S181N181,17,(),127,944.18
20141127212059,181,0.0,38.0,system(33.0,android,1gms,android),0,3228,-5.78,46,30.15,P0C1B1A0D0S0L0Q0,20,182::::,S182N182,4,(),41,335.62
20141127212425,206,0.0,37.0,qpnp_rtc_alarm(159.0,1gms,android,1gms),0,14009,-1.55,46,30.15,P0C1B1A0D0S0L0Q0,20,181::::,S181N181,16,(),178,462.58
20141127212749,203,0.0,36.0,system(166.0,jp.naver.line.android,1gms,1gms,jp.naver.line.android,1gms,android,1gms),0,3294,-1.65,46,30.15,P0C1B1A0D0S0L0Q0,20,147:1:::57,S147N156U48L1O0,12,(),179,466.63
20141127213338,348,3.33,37.0,qpnp_rtc_alarm(272.0,0autotesting,com.facebook.katana,1gms,1gms,android,1gms,com.facebook.katana,1gms,com.facebook.katana,1gms,1gms),0,26172,-5.16,45,29.3,P0C1B1A0D0S0L0Q0,20,0:62:::140,S0N84U56L62O0,9,(),278,839.52
20141127213822,284,0.0,34.0,qpnp_rtc_alarm(282.0,2phone,1gms,android,1gms),0,0,-0.47,45,29.3,P0C1B1A0D0S0L0Q0,20,:33:::315,N315L33O0,2,(),283,476.4
20141127214305,282,0.0,35.0,system(250.0,android,com.facebook.katana,jp.naver.line.android,com.facebook.katana,jp.naver.line.android,jp.naver.line.android,android,com.meitu.meipaimv),0,74791,-2.2,45,28.0,P0C1B1A0D0S0L0Q0,20,::::284,N284,14,(),267,555.28
20141127214608,183,0.0,34.0,qpnp_rtc_alarm(168.0,1gms,0autotesting,com.facebook.katana,1gms),0,44371,-0.51,45,28.0,P0C1B1A0D0S0L0Q0,20,::::282,N35U220HS26,5,(),178,752.0
20141127215014,245,12.69,38.0,(0.0,jp.naver.line.android,jp.naver.line.android,1gms,android,1talk,com.facebook.katana),0,13383,-26.75,44,28.5,P0C1B1A0D0S0L0Q0,20,::::183,U174HS9,0,(),0,797.11
20141127215315,181,9.37,41.0,(0.0,android,1gms,android,com.facebook.katana,1gms,jp.naver.line.android),0,2046066,-18.6,43,29.75,P0C1B1A0D0S0L0Q0,20,::::245,U111HS134,0,(),0,815.44
20141127215617,181,9.37,40.0,(0.0,jp.naver.line.android,com.facebook.katana,com.facebook.katana),0,59601,-17.14,43,30.5,P0C1B1A0D0S0L0Q0,20,::::181,U122HS58,0,(),0,623.36
20141127215918,181,9.37,41.0,(0.0,2phone,com.facebook.katana,com.facebook.katana),0,359857,-16.29,42,31.0,P0C1B1A0D0S0L0Q0,20,::::181,U117HS63,0,(),0,521.71
20141127220228,190,3.64,40.0,system(96.0,jp.naver.line.android,jp.naver.line.android,1gms,com.twitter.android,android),0,634941,-6.47,41,31.1,P0C1B1A0D0S0L0Q0,20,::::181,U115HS65,6,(),107,913.91
20141127220559,210,0.0,36.0,qpnp_rtc_alarm(202.0,android,1gms),0,70928,-0.45,41,30.0,P0C1B1A0D0S0L0Q0,20,::::190,U176HS14,5,(),211,834.24
20141127221045,286,0.0,35.0,qpnp_rtc_alarm(278.0,jp.naver.line.android,jp.naver.line.android,1gms),0,3468,-0.5,41,28.8,P0C1B1A0D0S0L0Q0,20,::::210,U200HS10,4,(),282,809.76
20141127221412,206,0.0,34.0,qpnp_rtc_alarm(197.0,com.facebook.katana,jp.naver.line.android,1gms),0,191,-0.59,41,28.8,P0C1B1A0D0S0L0Q0,20,::::286,U286,2,(),203,370.56
20141127221800,228,3.33,36.0,qpnp_rtc_alarm(150.0,jp.naver.line.android,android,1gms,1gms,0autotesting,1gms),0,6917,-6.43,41,28.8,P0C1B1A0D0S0L0Q0,20,::::206,U197HS8,8,(),158,823.02
20141127222111,190,0.0,34.0,qpnp_rtc_alarm(179.0,com.meitu.meipaimv,jp.naver.line.android),0,28468,-0.45,41,28.8,P0C1B1A0D0S0L0Q0,20,::::228,U210HS18,7,(),191,477.6
20141127222525,254,0.0,34.0,system(245.0,1gms,jp.naver.line.android),0,468,-0.56,41,27.8,P0C1B1A0D0S0L0Q0,20,::::190,U190,3,(),249,370.56
20141127223125,359,0.0,33.0,qpnp_rtc_alarm(347.0,1gms,android,com.facebook.katana,jp.naver.line.android,jp.naver.line.android,1gms),0,6863,-0.69,41,27.8,P0C1B1A0D0S0L0Q0,20,::::254,U245HS8,9,(),355,591.6
20141127223510,225,0.0,33.0,qpnp_rtc_alarm(222.0,jp.naver.line.android),0,144,-0.38,41,27.8,P0C1B1A0D0S0L0Q0,20,::::359,U359,1,(),223,652.8
20141127223843,212,0.0,33.0,qpnp_rtc_alarm(205.0,jp.naver.line.android,1gms,android,1gms),0,144,-0.39,41,27.8,P0C1B1A0D0S0L0Q0,20,::::225,U225,4,(),210,732.96
20141127224211,207,0.0,33.0,qpnp_rtc_alarm(190.0,android,1gms,jp.naver.line.android),0,5849,-0.78,41,27.8,P0C1B1A0D0S0L0Q0,20,::::212,U212,5,(),200,606.96
20141127224542,211,0.0,32.0,qpnp_rtc_alarm(202.0,1gms,jp.naver.line.android,com.facebook.katana,1gms),0,30335,-0.41,41,27.8,P0C1B1A0D0S0L0Q0,20,::::207,U186HS20,6,(),210,566.0
20141127225006,263,10.61,39.0,system(49.0,1gms,0autotesting,android,android,com.facebook.katana,android,com.facebook.katana,android,jp.naver.line.android,jp.naver.line.android,jp.naver.line.android,android,com.facebook.katana),0,492,-24.98,40,28.1,P0C1B1A0D0S0L0Q0,20,::::211,U211,2,(),51,1293.76
20141127225424,257,0.0,36.0,system(234.0,1gms,1gms,android,android,android,com.facebook.katana),0,142123,-0.99,39,28.6,P0C1B1A0D0S0L0Q0,20,::::263,U156HS107,9,(),253,702.65
20141127230010,346,0.0,33.0,qpnp_rtc_alarm(332.0,com.facebook.katana,1gms,jp.naver.line.android,jp.naver.line.android,1gms),0,4361,-0.63,39,28.6,P0C1B1A0D0S0L0Q0,20,::::257,U235HS21,8,(),343,663.2
20141127230312,181,0.0,33.0,qpnp_rtc_alarm(178.0,jp.naver.line.android,com.twitter.android),0,406,-0.3,39,28.6,P0C1B1A0D0S0L0Q0,20,::::346,U346,1,(),180,300.0
20141127230618,186,0.0,33.0,system(171.0,android,jp.naver.line.android,android,1gms),0,1143,-0.83,39,27.5,P0C1B1A0D0S0L0Q0,20,::::181,U181,4,(),181,426.6
20141127231012,234,0.0,33.0,qpnp_rtc_alarm(231.0,com.facebook.katana,1gms,jp.naver.line.android,0pandorasbox),0,46794,-0.39,39,27.5,P0C1B1A0D0S0L0Q0,20,::::186,U172HS13,2,(),232,1075.2
20141127231502,289,0.0,34.0,qpnp_rtc_alarm(241.0,com.facebook.katana,jp.naver.line.android,1gms),0,1612,-2.1,39,27.5,P0C1B1A0D0S0L0Q0,20,::::234,U226HS7,10,(),287,496.62
20141127231821,199,0.0,32.0,qpnp_rtc_alarm(193.0,android,jp.naver.line.android,1gms,jp.naver.line.android,1gms),0,123521,-0.35,39,27.5,P0C1B1A0D0S0L0Q0,20,::::289,U235HS54,5,(),198,726.72
20141127232351,329,0.0,33.0,system(319.0,1gms),0,410,-0.67,39,27.5,P0C1B1A0D0S0L0Q0,20,::::199,U199,4,(),325,566.0
20141127232850,299,12.07,44.0,qpnp_rtc_alarm(57.0,jp.naver.line.android,jp.naver.line.android,1gms,0autotesting,com.facebook.katana,com.meitu.meipaimv,android),0,7271,-38.12,37,29.2,P0C1B1A0D0S0L0Q0,20,::::329,U320HS9,4,(),64,884.97
20141127233151,181,9.37,44.0,(0.0,1gms,android,android,jp.naver.line.android,android,android),0,560329,-21.57,36,30.9,P0C1B1A0D0S0L0Q0,20,::::299,U229HS69,0,(),0,1047.09
20141127233505,193,6.97,44.0,system(34.0,2phone,1gms,com.facebook.katana),0,1412653,-17.3,36,30.8,P0C1B1A0D0S0L0Q0,20,::::181,U112HS68,7,(),53,1058.9
20141127233806,181,0.0,37.0,system(171.0,com.facebook.katana,jp.naver.line.android,jp.naver.line.android),0,1896456,-0.34,36,30.8,P0C1B1A0D0S0L0Q0,20,::::193,U50HS142,5,(),181,655.6
20141127234111,184,0.0,36.0,system(167.0,android,1talk,android,1gms,com.facebook.katana,com.facebook.katana),0,820,-0.68,36,30.8,P0C1B1A0D0S0L0Q0,20,::::181,U181,7,(),183,401.28
20141127234414,183,0.0,35.0,system(174.0),0,7767,-0.5,35,29.55,P0C1B1A0D0S0L0Q0,20,::::184,U175HS9,4,(),182,422.8
20141127234808,233,3.33,37.0,qpnp_rtc_alarm(156.0,1gms,jp.naver.line.android,0autotesting,com.facebook.katana,jp.naver.line.android,1gms,com.facebook.katana,com.meitu.meipaimv),0,11817,-5.87,35,29.55,P0C1B1A0D0S0L0Q0,20,::::183,U164HS18,6,(),163,801.54
20141127235155,227,0.0,36.0,qpnp_rtc_alarm(173.0,com.facebook.katana,1gms,com.facebook.katana,android,com.facebook.katana,1gms,android,jp.naver.line.android),0,23549,-2.35,35,29.55,P0C1B1A0D0S0L0Q0,20,::::233,U224HS9,19,(),207,454.45
20141127235855,419,0.0,34.0,qpnp_rtc_alarm(408.0,android,jp.naver.line.android,1gms,jp.naver.line.android),0,40593,-0.76,35,28.0,P0C1B1A0D0S0L0Q0,20,::::227,U164HS63,6,(),417,604.8
20141128000259,243,0.0,34.0,system(227.0,jp.naver.line.android,jp.naver.line.android,1gms,1keep,com.twitter.android),0,1539,-0.69,35,28.0,P0C1B1A0D0S0L0Q0,20,::::419,U419,9,(),238,587.04
20141128000607,188,0.0,34.0,system(145.0,android,android,com.facebook.katana,1gms,com.facebook.katana,jp.naver.line.android),0,21430,-1.34,35,28.0,P0C1B1A0D0S0L0Q0,20,::::243,U224HS19,15,(),180,662.6
20141128000941,213,0.0,33.0,qpnp_rtc_alarm(207.0,jp.naver.line.android,jp.naver.line.android,1gms),0,51447,-0.41,35,28.0,P0C1B1A0D0S0L0Q0,20,::::188,U149HS38,3,(),213,610.8
20141128001316,214,0.0,33.0,qpnp_rtc_alarm(211.0,jp.naver.line.android),0,0,-0.36,35,28.0,P0C1B1A0D0S0L0Q0,20,::::213,U213,1,(),213,300.0
20141128001636,200,0.0,32.0,qpnp_rtc_alarm(193.0,jp.naver.line.android,1gms,android,1gms),0,144,-0.36,34,27.4,P0C1B1A0D0S0L0Q0,20,::::214,U214,3,(),198,891.0
20141128001937,181,0.0,32.0,qpnp_rtc_alarm(172.0,1gms,1gms),0,268,-0.36,34,27.4,P0C1B1A0D0S0L0Q0,20,::::200,U200,4,(),180,548.64
20141128002420,282,0.0,33.0,system(267.0,com.facebook.katana,jp.naver.line.android,com.facebook.katana,jp.naver.line.android),0,162,-1.03,34,27.4,P0C1B1A0D0S0L0Q0,20,::::181,U181,5,(),281,438.13
20141128002727,186,0.0,32.0,system(178.0,1gms,jp.naver.line.android,jp.naver.line.android),0,20357,-0.52,34,27.4,P0C1B1A0D0S0L0Q0,20,::::282,U266HS16,4,(),184,502.56
20141128003416,409,0.0,32.0,qpnp_rtc_alarm(401.0,android,1gms,1gms,jp.naver.line.android),0,144,-0.76,34,27.4,P0C1B1A0D0S0L0Q0,20,::::186,U186,4,(),406,619.2
20141128003910,293,0.0,33.0,qpnp_rtc_alarm(273.0,jp.naver.line.android,com.facebook.katana,com.facebook.katana,android,1gms,1talk),0,11664,-0.82,34,27.4,P0C1B1A0D0S0L0Q0,20,::::409,U409,8,(),291,468.8
20141128004356,286,0.0,32.0,qpnp_rtc_alarm(278.0,android,jp.naver.line.android,1gms),0,40,-0.53,34,27.4,P0C1B1A0D0S0L0Q0,20,::::293,U274HS19,5,(),284,385.92
20141128004759,243,0.0,32.0,qpnp_rtc_alarm(236.0,1gms,0ironnotifyled,com.facebook.katana),0,190,-0.43,34,27.4,P0C1B1A0D0S0L0Q0,20,::::286,U286,4,(),241,745.2
20141128005115,195,0.0,33.0,qpnp_rtc_alarm(165.0,jp.naver.line.android,com.facebook.katana,jp.naver.line.android,1gms,1gms,com.facebook.katana,android),0,1209,-1.18,34,27.4,P0C1B1A0D0S0L0Q0,20,::::243,U243,10,(),191,630.49
20141128005500,225,0.0,34.0,qpnp_rtc_alarm(198.0,com.facebook.katana,android,1gms,android,jp.naver.line.android),0,23175,-1.36,34,27.4,P0C1B1A0D0S0L0Q0,20,::::195,U168HS27,7,(),207,457.6
20141128010100,360,0.0,33.0,qpnp_rtc_alarm(329.0,jp.naver.line.android,1gms,android,1gms,com.twitter.android),0,205829,-1.07,34,27.4,P0C1B1A0D0S0L0Q0,20,::::225,U197HS27,18,(),358,580.29
20141128010402,182,0.0,34.0,system(131.0,jp.naver.line.android,jp.naver.line.android,jp.naver.line.android,jp.naver.line.android,jp.naver.line.android),0,7908,-1.22,33,27.3,P0C1B1A0D0S0L0Q0,20,::::360,U350HS10,25,(),180,567.04
20141128010705,183,0.0,33.0,system(149.0,jp.naver.line.android,android,1gms,com.facebook.katana),0,2446,-0.78,33,27.3,P0C1B1A0D0S0L0Q0,20,::::182,U182,16,(),181,686.04
20141128011008,182,0.0,34.0,system(132.0,com.facebook.katana,jp.naver.line.android),0,2138,-1.09,33,27.3,P0C1B1A0D0S0L0Q0,20,::::183,U183,23,(),181,549.68
20141128011311,183,0.0,34.0,system(150.0,jp.naver.line.android,com.facebook.katana,1gms),0,4050,-0.85,33,27.3,P0C1B1A0D0S0L0Q0,20,::::182,U182,19,(),181,630.0
20141128011626,194,0.0,34.0,qpnp_rtc_alarm(167.0,1gms,jp.naver.line.android,1gms,1gms,1gms),0,1461,-0.83,33,27.3,P0C1B1A0D0S0L0Q0,20,::::183,U183,14,(),188,687.6
20141128012044,258,0.0,34.0,qpnp_rtc_alarm(234.0,1gms,com.facebook.katana,android,1gms,jp.naver.line.android),0,2249,-1.14,33,27.3,P0C1B1A0D0S0L0Q0,20,::::194,U194,5,(),239,309.42
20141128012612,328,0.0,33.0,qpnp_rtc_alarm(293.0,1gms,com.facebook.katana,jp.naver.line.android),0,1517,-1.33,32,27.1,P0C1B1A0D0S0L0Q0,20,::::258,U258,15,(),322,614.64
20141128012952,219,0.0,32.0,qpnp_rtc_alarm(208.0,com.facebook.katana,1gms,com.facebook.katana),0,17785,-0.57,32,27.1,P0C1B1A0D0S0L0Q0,20,::::328,U316HS12,3,(),217,532.46
20141128013610,378,0.0,32.0,qpnp_rtc_alarm(344.0,jp.naver.line.android,jp.naver.line.android,com.facebook.katana,com.facebook.katana,1gms,android,1gms),0,955,-1.54,32,26.1,P0C1B1A0D0S0L0Q0,20,::::219,U219,9,(),376,501.09
20141128014112,301,0.0,31.0,qpnp_rtc_alarm(294.0,jp.naver.line.android,jp.naver.line.android,android),0,9324,-0.52,32,26.1,P0C1B1A0D0S0L0Q0,20,::::378,U351HS26,5,(),299,726.72
20141128014516,243,0.0,31.0,system(232.0,1gms,android,jp.naver.line.android,jp.naver.line.android),0,656,-0.6,32,25.1,P0C1B1A0D0S0L0Q0,20,::::301,U301,5,(),238,488.57
20141128015054,338,0.0,31.0,qpnp_rtc_alarm(308.0,com.facebook.katana,1gms,com.facebook.katana,com.facebook.katana,1gms,jp.naver.line.android,1gms,com.facebook.katana),0,9075,-1.26,32,25.1,P0C1B1A0D0S0L0Q0,20,::::243,U234HS9,10,(),333,476.05
20141128015517,263,0.0,31.0,system(239.0,jp.naver.line.android,android,android,1talk),0,28226,-0.98,32,25.1,P0C1B1A0D0S0L0Q0,20,::::338,U312HS26,10,(),259,679.37
20141128020113,355,0.0,30.0,qpnp_rtc_alarm(328.0,1gms,android,jp.naver.line.android,jp.naver.line.android,1gms,com.facebook.katana,com.twitter.android),0,22129,-0.75,32,25.1,P0C1B1A0D0S0L0Q0,20,::::263,U232HS30,15,(),352,836.33
20141128020454,220,0.0,31.0,qpnp_rtc_alarm(210.0,android,jp.naver.line.android),0,2310,-0.85,32,25.1,P0C1B1A0D0S0L0Q0,20,::::355,U355,3,(),215,300.0
20141128020819,204,0.0,30.0,qpnp_rtc_alarm(189.0,jp.naver.line.android,1gms,android),0,51077,-0.46,32,25.1,P0C1B1A0D0S0L0Q0,20,::::220,U207HS13,8,(),201,743.47
20141128021153,214,0.0,30.0,qpnp_rtc_alarm(208.0,1gms,jp.naver.line.android),0,40,-0.38,32,25.1,P0C1B1A0D0S0L0Q0,20,::::204,U193HS10,3,(),212,610.8
20141128021528,214,0.0,30.0,qpnp_rtc_alarm(210.0,jp.naver.line.android,1gms),0,144,-0.38,32,25.1,P0C1B1A0D0S0L0Q0,20,::::214,U214,3,(),214,417.6
20141128021854,205,0.0,30.0,qpnp_rtc_alarm(202.0,com.facebook.katana,jp.naver.line.android,1gms),0,0,-0.34,32,25.1,P0C1B1A0D0S0L0Q0,20,::::214,U214,1,(),205,300.0
20141128022422,328,0.0,30.0,system(319.0,jp.naver.line.android,1gms,android,1gms),0,557,-0.65,31,24.3,P0C1B1A0D0S0L0Q0,20,::::205,U205,6,(),325,804.0
20141128022841,258,0.0,30.0,system(237.0,1gms,jp.naver.line.android,jp.naver.line.android),0,8038,-0.84,31,24.3,P0C1B1A0D0S0L0Q0,20,::::328,U318HS9,8,(),251,596.8
20141128023254,253,0.0,29.0,qpnp_rtc_alarm(245.0,1gms,com.facebook.katana,android,jp.naver.line.android),0,9853,-0.44,31,24.3,P0C1B1A0D0S0L0Q0,20,::::258,U247HS10,4,(),251,726.72
20141128023933,398,0.0,29.0,qpnp_rtc_alarm(387.0,jp.naver.line.android,1gms,android,1gms),0,352,-0.72,31,24.3,P0C1B1A0D0S0L0Q0,20,::::253,U253,6,(),396,804.0
20141128024418,285,0.0,30.0,qpnp_rtc_alarm(282.0,1gms),0,0,-0.48,31,24.3,P0C1B1A0D0S0L0Q0,20,::::398,U398,1,(),282,937.2
20141128024728,189,0.0,31.0,qpnp_rtc_alarm(126.0,android,jp.naver.line.android,jp.naver.line.android,com.facebook.katana,1gms,com.facebook.katana),0,134,-3.01,31,24.3,P0C1B1A0D0S0L0Q0,20,::::285,U285,2,(),132,322.05
20141128025040,192,0.0,31.0,system(150.0,1gms,com.facebook.katana,com.facebook.katana),0,34346,-1.87,31,24.3,P0C1B1A0D0S0L0Q0,20,::::189,U169HS19,14,(),180,566.7
20141128025402,201,0.0,31.0,qpnp_rtc_alarm(177.0,android,android,jp.naver.line.android,1gms,jp.naver.line.android,1gms),0,52349,-0.94,31,24.3,P0C1B1A0D0S0L0Q0,20,::::192,U159HS33,8,(),187,494.06
20141128025918,316,0.0,30.0,qpnp_rtc_alarm(303.0,1talk,android,1gms,jp.naver.line.android),0,20988,-0.79,31,24.3,P0C1B1A0D0S0L0Q0,20,::::201,U178HS23,7,(),313,455.4
20141128030228,190,0.0,31.0,qpnp_rtc_alarm(185.0,jp.naver.line.android,com.twitter.android),0,990,-0.34,31,24.3,P0C1B1A0D0S0L0Q0,20,::::315,U306HS9,3,(),189,417.6
20141128030535,186,0.0,31.0,qpnp_rtc_alarm(150.0,android,1gms,com.facebook.katana,com.facebook.katana,1gms),0,151,-1.5,31,24.3,P0C1B1A0D0S0L0Q0,20,::::189,U189,8,(),170,449.43
20141128030905,210,0.0,32.0,qpnp_rtc_alarm(198.0,jp.naver.line.android,jp.naver.line.android,android,1gms),0,103007,-0.81,31,24.3,P0C1B1A0D0S0L0Q0,20,::::186,U147HS39,5,(),205,591.6
20141128031319,253,0.0,30.0,qpnp_rtc_alarm(244.0,jp.naver.line.android),0,0,-0.45,30,24.9,P0C1B1A0D0S0L0Q0,20,::::210,U190HS20,3,(),252,533.28
20141128031835,316,0.0,30.0,qpnp_rtc_alarm(306.0,jp.naver.line.android,1gms,1gms),0,610,-0.55,30,24.9,P0C1B1A0D0S0L0Q0,20,::::253,U253,6,(),314,842.4
20141128032239,244,0.0,31.0,system(215.0,1gms,com.facebook.katana,com.facebook.katana,jp.naver.line.android,jp.naver.line.android,android),0,803,-0.91,30,24.9,P0C1B1A0D0S0L0Q0,20,::::316,U316,11,(),242,521.22
20141128032718,278,0.0,30.0,qpnp_rtc_alarm(270.0,1gms,1gms),0,17567,-0.56,30,24.9,P0C1B1A0D0S0L0Q0,20,::::244,U223HS21,4,(),276,517.92
20141128033306,347,0.0,30.0,qpnp_rtc_alarm(336.0,jp.naver.line.android,jp.naver.line.android,1gms,1gms,android),0,589,-0.65,30,24.9,P0C1B1A0D0S0L0Q0,20,::::278,U269HS8,6,(),343,477.6
20141128033622,195,0.0,31.0,system(171.0,jp.naver.line.android,jp.naver.line.android,com.facebook.katana,com.facebook.katana),0,238,-0.69,30,24.9,P0C1B1A0D0S0L0Q0,20,::::347,U347,7,(),193,521.49
20141128034121,299,0.0,30.0,qpnp_rtc_alarm(288.0,1gms,android,jp.naver.line.android),0,16574,-0.67,30,24.9,P0C1B1A0D0S0L0Q0,20,::::195,U175HS20,3,(),291,448.4
20141128034432,191,0.0,31.0,system(172.0,jp.naver.line.android,1gms,1gms),0,226,-0.81,30,24.9,P0C1B1A0D0S0L0Q0,20,::::299,U299,6,(),185,526.04
20141128034821,228,0.0,31.0,qpnp_rtc_alarm(223.0,android,1gms,jp.naver.line.android,com.facebook.katana,com.facebook.katana),0,19259,-0.41,30,24.9,P0C1B1A0D0S0L0Q0,20,::::191,U181HS10,4,(),228,893.6
20141128035128,187,0.0,31.0,system(135.0,jp.naver.line.android,com.facebook.katana,com.facebook.katana,com.facebook.katana,android),0,199,-1.77,30,24.9,P0C1B1A0D0S0L0Q0,20,::::228,U228,17,(),178,554.57
20141128035521,232,0.0,31.0,qpnp_rtc_alarm(219.0,1gms,1gms,jp.naver.line.android,1gms),0,33582,-0.66,30,24.9,P0C1B1A0D0S0L0Q0,20,::::187,U135HS51,6,(),227,582.0
20141128040224,423,0.0,31.0,qpnp_rtc_alarm(401.0,jp.naver.line.android,jp.naver.line.android,android,1gms,jp.naver.line.android,com.twitter.android),0,6820,-1.12,30,24.9,P0C1B1A0D0S0L0Q0,20,::::232,U222HS9,9,(),421,645.97
20141128040604,220,0.0,31.0,qpnp_rtc_alarm(205.0,jp.naver.line.android,jp.naver.line.android,1gms,android,1talk,com.facebook.katana),0,8684,-0.82,29,25.3,P0C1B1A0D0S0L0Q0,20,::::423,U402HS20,3,(),208,566.7
20141128040925,201,0.0,31.0,qpnp_rtc_alarm(183.0,com.facebook.katana,1gms,android,jp.naver.line.android),0,38263,-0.62,29,25.3,P0C1B1A0D0S0L0Q0,20,::::220,U207HS13,7,(),196,542.84
20141128041227,181,0.0,31.0,qpnp_rtc_alarm(178.0,jp.naver.line.android,1gms,1gms),0,186,-0.32,29,25.3,P0C1B1A0D0S0L0Q0,20,::::201,U191HS9,3,(),181,300.0
20141128041627,239,0.0,31.0,qpnp_rtc_alarm(232.0,jp.naver.line.android),0,1251,-0.59,29,25.3,P0C1B1A0D0S0L0Q0,20,::::181,U181,2,(),238,300.0
20141128042157,330,0.0,31.0,qpnp_rtc_alarm(316.0,jp.naver.line.android,1gms),0,10284,-0.92,29,25.3,P0C1B1A0D0S0L0Q0,20,::::239,U229HS10,4,(),328,455.4
20141128042645,287,0.0,31.0,qpnp_rtc_alarm(271.0,android,com.facebook.katana,1gms,com.facebook.katana,jp.naver.line.android,jp.naver.line.android,1gms,1gms),0,7109,-0.81,29,25.3,P0C1B1A0D0S0L0Q0,20,::::330,U318HS11,5,(),283,562.67
20141128043026,221,0.0,31.0,qpnp_rtc_alarm(217.0,jp.naver.line.android),0,3464,-0.42,29,25.3,P0C1B1A0D0S0L0Q0,20,::::287,U268HS18,3,(),222,714.4
20141128043358,211,0.0,30.0,qpnp_rtc_alarm(205.0,jp.naver.line.android,1gms,android),0,186,-0.35,29,25.3,P0C1B1A0D0S0L0Q0,20,::::221,U221,4,(),208,929.4
20141128043709,191,0.0,30.0,system(182.0,1gms),0,122,-0.32,29,25.3,P0C1B1A0D0S0L0Q0,20,::::211,U211,3,(),189,742.08
20141128044113,243,0.0,31.0,system(218.0,com.facebook.katana,jp.naver.line.android,jp.naver.line.android,com.facebook.katana,1gms,android,android,1gms),0,19398,-1.07,29,25.3,P0C1B1A0D0S0L0Q0,20,::::191,U191,7,(),243,581.83
